
Purpose     : Extract data for Netflix

        #####################     Change log   ###############################
        ##------------------------------------------------------------------##
        ##  Author              ##Date                ##Current Version     ##
        ##------------------------------------------------------------------##
        ## Moody's Analytics    ##15th July,2018      ##V1.0                ##
        ##------------------------------------------------------------------##
        ######################################################################
        Date                   Version     Author      Description
        15th July,2018       v 0.1       Deepak        Initial Code


16/07/2018 08:00:51 PM- root         - INFO     - Starting the program execution

16/07/2018 08:00:51 PM- urllib3.connectionpool - DEBUG    - Starting new HTTPS connection (1): www.peeringdb.com
16/07/2018 08:00:55 PM- urllib3.connectionpool - DEBUG    - https://www.peeringdb.com:443 "GET /net/457 HTTP/1.1" 200 306354
16/07/2018 08:00:57 PM- root         - INFO     - Data Saved to Local Drive for IP Prefix Count Data
16/07/2018 08:00:57 PM- root         - INFO     - Creating Unique Key
16/07/2018 08:00:57 PM- root         - INFO     - Inserting Data to DB
16/07/2018 08:00:57 PM- root         - INFO     - Data Insertion Query Executed for CSV line no: 0
16/07/2018 08:00:57 PM- root         - INFO     - Data uploaded to DB
16/07/2018 08:00:57 PM- root         - INFO     - Data Saved to Local Drive for Private Peering Data
16/07/2018 08:00:57 PM- root         - INFO     - Creating Unique Key
