
Purpose     : Extract data for Netflix

        #####################     Change log   ###############################
        ##------------------------------------------------------------------##
        ##  Author              ##Date                ##Current Version     ##
        ##------------------------------------------------------------------##
        ## Moody's Analytics    ##15th July,2018      ##V1.0                ##
        ##------------------------------------------------------------------##
        ######################################################################
        Date                   Version     Author      Description
        15th July,2018       v 0.1       Deepak        Initial Code


16/07/2018 07:46:09 PM- root         - INFO     - Starting the program execution

16/07/2018 07:46:09 PM- urllib3.connectionpool - DEBUG    - Starting new HTTPS connection (1): www.peeringdb.com
16/07/2018 07:46:12 PM- urllib3.connectionpool - DEBUG    - https://www.peeringdb.com:443 "GET /net/457 HTTP/1.1" 200 306354
16/07/2018 07:46:13 PM- root         - INFO     - Data Saved to Local Drive for Public Peering Data
16/07/2018 07:46:13 PM- root         - INFO     - Creating Unique Key
16/07/2018 07:46:13 PM- root         - INFO     - Inserting Data to DB
16/07/2018 07:46:14 PM- root         - INFO     - Data Insertion Query Executed for CSV line no: 0
16/07/2018 07:46:14 PM- root         - INFO     - Data Insertion Query Executed for CSV line no: 1
16/07/2018 07:46:15 PM- root         - INFO     - Data Insertion Query Executed for CSV line no: 2
16/07/2018 07:46:16 PM- root         - INFO     - Data Insertion Query Executed for CSV line no: 3
16/07/2018 07:46:16 PM- root         - INFO     - Data Insertion Query Executed for CSV line no: 4
16/07/2018 07:46:17 PM- root         - INFO     - Data Insertion Query Executed for CSV line no: 5
16/07/2018 07:46:18 PM- root         - INFO     - Data Insertion Query Executed for CSV line no: 6
16/07/2018 07:46:18 PM- root         - INFO     - Data Insertion Query Executed for CSV line no: 7
16/07/2018 07:46:19 PM- root         - INFO     - Data Insertion Query Executed for CSV line no: 8
16/07/2018 07:46:20 PM- root         - INFO     - Data Insertion Query Executed for CSV line no: 9
16/07/2018 07:46:20 PM- root         - INFO     - Data Insertion Query Executed for CSV line no: 10
16/07/2018 07:46:21 PM- root         - INFO     - Data Insertion Query Executed for CSV line no: 11
16/07/2018 07:46:22 PM- root         - INFO     - Data Insertion Query Executed for CSV line no: 12
16/07/2018 07:46:22 PM- root         - INFO     - Data Insertion Query Executed for CSV line no: 13
16/07/2018 07:46:23 PM- root         - INFO     - Data Insertion Query Executed for CSV line no: 14
16/07/2018 07:46:24 PM- root         - INFO     - Data Insertion Query Executed for CSV line no: 15
16/07/2018 07:46:24 PM- root         - INFO     - Data Insertion Query Executed for CSV line no: 16
16/07/2018 07:46:25 PM- root         - INFO     - Data Insertion Query Executed for CSV line no: 17
16/07/2018 07:46:26 PM- root         - INFO     - Data Insertion Query Executed for CSV line no: 18
16/07/2018 07:46:26 PM- root         - INFO     - Data Insertion Query Executed for CSV line no: 19
16/07/2018 07:46:27 PM- root         - INFO     - Data Insertion Query Executed for CSV line no: 20
16/07/2018 07:46:28 PM- root         - INFO     - Data Insertion Query Executed for CSV line no: 21
16/07/2018 07:46:28 PM- root         - INFO     - Data Insertion Query Executed for CSV line no: 22
16/07/2018 07:46:29 PM- root         - INFO     - Data Insertion Query Executed for CSV line no: 23
16/07/2018 07:46:30 PM- root         - INFO     - Data Insertion Query Executed for CSV line no: 24
16/07/2018 07:46:30 PM- root         - INFO     - Data Insertion Query Executed for CSV line no: 25
16/07/2018 07:46:31 PM- root         - INFO     - Data Insertion Query Executed for CSV line no: 26
16/07/2018 07:46:32 PM- root         - INFO     - Data Insertion Query Executed for CSV line no: 27
16/07/2018 07:46:32 PM- root         - INFO     - Data Insertion Query Executed for CSV line no: 28
16/07/2018 07:46:33 PM- root         - INFO     - Data Insertion Query Executed for CSV line no: 29
16/07/2018 07:46:34 PM- root         - INFO     - Data Insertion Query Executed for CSV line no: 30
16/07/2018 07:46:34 PM- root         - INFO     - Data Insertion Query Executed for CSV line no: 31
16/07/2018 07:46:35 PM- root         - INFO     - Data Insertion Query Executed for CSV line no: 32
16/07/2018 07:46:36 PM- root         - INFO     - Data Insertion Query Executed for CSV line no: 33
16/07/2018 07:46:36 PM- root         - INFO     - Data Insertion Query Executed for CSV line no: 34
16/07/2018 07:46:37 PM- root         - INFO     - Data Insertion Query Executed for CSV line no: 35
16/07/2018 07:46:38 PM- root         - INFO     - Data Insertion Query Executed for CSV line no: 36
16/07/2018 07:46:38 PM- root         - INFO     - Data Insertion Query Executed for CSV line no: 37
16/07/2018 07:46:39 PM- root         - INFO     - Data Insertion Query Executed for CSV line no: 38
16/07/2018 07:46:40 PM- root         - INFO     - Data Insertion Query Executed for CSV line no: 39
16/07/2018 07:46:40 PM- root         - INFO     - Data Insertion Query Executed for CSV line no: 40
16/07/2018 07:46:41 PM- root         - INFO     - Data Insertion Query Executed for CSV line no: 41
16/07/2018 07:46:42 PM- root         - INFO     - Data Insertion Query Executed for CSV line no: 42
16/07/2018 07:46:42 PM- root         - INFO     - Data Insertion Query Executed for CSV line no: 43
16/07/2018 07:46:43 PM- root         - INFO     - Data Insertion Query Executed for CSV line no: 44
16/07/2018 07:46:44 PM- root         - INFO     - Data Insertion Query Executed for CSV line no: 45
16/07/2018 07:46:44 PM- root         - INFO     - Data Insertion Query Executed for CSV line no: 46
16/07/2018 07:46:45 PM- root         - INFO     - Data Insertion Query Executed for CSV line no: 47
16/07/2018 07:46:46 PM- root         - INFO     - Data Insertion Query Executed for CSV line no: 48
16/07/2018 07:46:46 PM- root         - INFO     - Data Insertion Query Executed for CSV line no: 49
16/07/2018 07:46:47 PM- root         - INFO     - Data Insertion Query Executed for CSV line no: 50
16/07/2018 07:46:48 PM- root         - INFO     - Data Insertion Query Executed for CSV line no: 51
16/07/2018 07:46:48 PM- root         - INFO     - Data Insertion Query Executed for CSV line no: 52
16/07/2018 07:46:49 PM- root         - INFO     - Data Insertion Query Executed for CSV line no: 53
16/07/2018 07:46:50 PM- root         - INFO     - Data Insertion Query Executed for CSV line no: 54
16/07/2018 07:46:51 PM- root         - INFO     - Data Insertion Query Executed for CSV line no: 55
16/07/2018 07:46:51 PM- root         - INFO     - Data Insertion Query Executed for CSV line no: 56
16/07/2018 07:46:52 PM- root         - INFO     - Data Insertion Query Executed for CSV line no: 57
16/07/2018 07:46:53 PM- root         - INFO     - Data Insertion Query Executed for CSV line no: 58
16/07/2018 07:46:53 PM- root         - INFO     - Data Insertion Query Executed for CSV line no: 59
16/07/2018 07:46:54 PM- root         - INFO     - Data Insertion Query Executed for CSV line no: 60
16/07/2018 07:46:55 PM- root         - INFO     - Data Insertion Query Executed for CSV line no: 61
16/07/2018 07:46:55 PM- root         - INFO     - Data Insertion Query Executed for CSV line no: 62
16/07/2018 07:46:56 PM- root         - INFO     - Data Insertion Query Executed for CSV line no: 63
16/07/2018 07:46:57 PM- root         - INFO     - Data Insertion Query Executed for CSV line no: 64
16/07/2018 07:46:57 PM- root         - INFO     - Data Insertion Query Executed for CSV line no: 65
16/07/2018 07:46:58 PM- root         - INFO     - Data Insertion Query Executed for CSV line no: 66
16/07/2018 07:46:59 PM- root         - INFO     - Data Insertion Query Executed for CSV line no: 67
16/07/2018 07:46:59 PM- root         - INFO     - Data Insertion Query Executed for CSV line no: 68
16/07/2018 07:47:00 PM- root         - INFO     - Data Insertion Query Executed for CSV line no: 69
16/07/2018 07:47:01 PM- root         - INFO     - Data Insertion Query Executed for CSV line no: 70
16/07/2018 07:47:01 PM- root         - INFO     - Data Insertion Query Executed for CSV line no: 71
16/07/2018 07:47:02 PM- root         - INFO     - Data Insertion Query Executed for CSV line no: 72
16/07/2018 07:47:03 PM- root         - INFO     - Data Insertion Query Executed for CSV line no: 73
16/07/2018 07:47:03 PM- root         - INFO     - Data Insertion Query Executed for CSV line no: 74
16/07/2018 07:47:04 PM- root         - INFO     - Data Insertion Query Executed for CSV line no: 75
16/07/2018 07:47:05 PM- root         - INFO     - Data Insertion Query Executed for CSV line no: 76
16/07/2018 07:47:05 PM- root         - INFO     - Data Insertion Query Executed for CSV line no: 77
16/07/2018 07:47:06 PM- root         - INFO     - Data Insertion Query Executed for CSV line no: 78
16/07/2018 07:47:07 PM- root         - INFO     - Data Insertion Query Executed for CSV line no: 79
16/07/2018 07:47:07 PM- root         - INFO     - Data Insertion Query Executed for CSV line no: 80
16/07/2018 07:47:08 PM- root         - INFO     - Data Insertion Query Executed for CSV line no: 81
16/07/2018 07:47:09 PM- root         - INFO     - Data Insertion Query Executed for CSV line no: 82
16/07/2018 07:47:09 PM- root         - INFO     - Data Insertion Query Executed for CSV line no: 83
16/07/2018 07:47:10 PM- root         - INFO     - Data Insertion Query Executed for CSV line no: 84
16/07/2018 07:47:11 PM- root         - INFO     - Data Insertion Query Executed for CSV line no: 85
16/07/2018 07:47:11 PM- root         - INFO     - Data Insertion Query Executed for CSV line no: 86
16/07/2018 07:47:12 PM- root         - INFO     - Data Insertion Query Executed for CSV line no: 87
16/07/2018 07:47:13 PM- root         - INFO     - Data Insertion Query Executed for CSV line no: 88
16/07/2018 07:47:13 PM- root         - INFO     - Data Insertion Query Executed for CSV line no: 89
16/07/2018 07:47:14 PM- root         - INFO     - Data Insertion Query Executed for CSV line no: 90
16/07/2018 07:47:15 PM- root         - INFO     - Data Insertion Query Executed for CSV line no: 91
16/07/2018 07:47:15 PM- root         - INFO     - Data Insertion Query Executed for CSV line no: 92
16/07/2018 07:47:16 PM- root         - INFO     - Data Insertion Query Executed for CSV line no: 93
16/07/2018 07:47:17 PM- root         - INFO     - Data Insertion Query Executed for CSV line no: 94
16/07/2018 07:47:17 PM- root         - INFO     - Data Insertion Query Executed for CSV line no: 95
16/07/2018 07:47:18 PM- root         - INFO     - Data Insertion Query Executed for CSV line no: 96
16/07/2018 07:47:19 PM- root         - INFO     - Data Insertion Query Executed for CSV line no: 97
16/07/2018 07:47:19 PM- root         - INFO     - Data Insertion Query Executed for CSV line no: 98
16/07/2018 07:47:20 PM- root         - INFO     - Data Insertion Query Executed for CSV line no: 99
16/07/2018 07:47:21 PM- root         - INFO     - Data Insertion Query Executed for CSV line no: 100
16/07/2018 07:47:22 PM- root         - INFO     - Data Insertion Query Executed for CSV line no: 101
16/07/2018 07:47:22 PM- root         - INFO     - Data Insertion Query Executed for CSV line no: 102
16/07/2018 07:47:23 PM- root         - INFO     - Data Insertion Query Executed for CSV line no: 103
16/07/2018 07:47:24 PM- root         - INFO     - Data Insertion Query Executed for CSV line no: 104
16/07/2018 07:47:24 PM- root         - INFO     - Data Insertion Query Executed for CSV line no: 105
16/07/2018 07:47:25 PM- root         - INFO     - Data Insertion Query Executed for CSV line no: 106
16/07/2018 07:47:26 PM- root         - INFO     - Data Insertion Query Executed for CSV line no: 107
16/07/2018 07:47:26 PM- root         - INFO     - Data Insertion Query Executed for CSV line no: 108
16/07/2018 07:47:27 PM- root         - INFO     - Data Insertion Query Executed for CSV line no: 109
16/07/2018 07:47:28 PM- root         - INFO     - Data Insertion Query Executed for CSV line no: 110
16/07/2018 07:47:28 PM- root         - INFO     - Data Insertion Query Executed for CSV line no: 111
16/07/2018 07:47:29 PM- root         - INFO     - Data Insertion Query Executed for CSV line no: 112
16/07/2018 07:47:30 PM- root         - INFO     - Data Insertion Query Executed for CSV line no: 113
16/07/2018 07:47:30 PM- root         - INFO     - Data Insertion Query Executed for CSV line no: 114
16/07/2018 07:47:31 PM- root         - INFO     - Data Insertion Query Executed for CSV line no: 115
16/07/2018 07:47:32 PM- root         - INFO     - Data Insertion Query Executed for CSV line no: 116
16/07/2018 07:47:32 PM- root         - INFO     - Data Insertion Query Executed for CSV line no: 117
16/07/2018 07:47:33 PM- root         - INFO     - Data Insertion Query Executed for CSV line no: 118
16/07/2018 07:47:34 PM- root         - INFO     - Data Insertion Query Executed for CSV line no: 119
16/07/2018 07:47:34 PM- root         - INFO     - Data Insertion Query Executed for CSV line no: 120
16/07/2018 07:47:35 PM- root         - INFO     - Data Insertion Query Executed for CSV line no: 121
16/07/2018 07:47:35 PM- root         - INFO     - Data uploaded to DB
16/07/2018 07:47:35 PM- root         - INFO     - Data Saved to Local Drive for Private Peering Data
16/07/2018 07:47:35 PM- root         - INFO     - Creating Unique Key
